<?xml version="1.0" encoding="UTF-8"?>
<testng-results ignored="0" total="1" passed="1" failed="0" skipped="0">
  <reporter-output>
  </reporter-output>
  <suite started-at="2023-08-07T20:25:39 IST" name="Default suite" finished-at="2023-08-07T20:27:22 IST" duration-ms="103032">
    <groups>
    </groups>
    <test started-at="2023-08-07T20:25:39 IST" name="Default test" finished-at="2023-08-07T20:27:22 IST" duration-ms="103032">
      <class name="com.capstone.suite.UseCase1">
        <test-method is-config="true" signature="beforeclass()[pri:0, instance:com.capstone.suite.UseCase1@d29f28]" started-at="2023-08-07T20:25:39 IST" name="beforeclass" finished-at="2023-08-07T20:27:15 IST" duration-ms="96446" status="PASS">
          <reporter-output>
          </reporter-output>
        </test-method> <!-- beforeclass -->
        <test-method signature="HandlingMenuItems()[pri:0, instance:com.capstone.suite.UseCase1@d29f28]" started-at="2023-08-07T20:27:15 IST" name="HandlingMenuItems" finished-at="2023-08-07T20:27:18 IST" duration-ms="3293" status="PASS">
          <reporter-output>
          </reporter-output>
        </test-method> <!-- HandlingMenuItems -->
        <test-method is-config="true" signature="afterclass()[pri:0, instance:com.capstone.suite.UseCase1@d29f28]" started-at="2023-08-07T20:27:18 IST" name="afterclass" finished-at="2023-08-07T20:27:22 IST" duration-ms="3255" status="PASS">
          <reporter-output>
          </reporter-output>
        </test-method> <!-- afterclass -->
      </class> <!-- com.capstone.suite.UseCase1 -->
    </test> <!-- Default test -->
  </suite> <!-- Default suite -->
</testng-results>
